<?xml version="1.0" encoding="UTF-8"?>
<testsuite name="com.csc.ZipperTest" tests="6" skipped="0" failures="0" errors="0" timestamp="2024-10-09T20:05:59" hostname="LAPTOP-6FMU26UG" time="0.053">
  <properties/>
  <testcase name="testZipWithEmptyFirstList()" classname="com.csc.ZipperTest" time="0.032"/>
  <testcase name="testZipWithEqualLengthLists()" classname="com.csc.ZipperTest" time="0.002"/>
  <testcase name="testZipWithFirstListLonger()" classname="com.csc.ZipperTest" time="0.002"/>
  <testcase name="testZipWithSecondListLonger()" classname="com.csc.ZipperTest" time="0.002"/>
  <testcase name="testZipWithBothEmptyLists()" classname="com.csc.ZipperTest" time="0.003"/>
  <testcase name="testZipWithEmptySecondList()" classname="com.csc.ZipperTest" time="0.002"/>
  <system-out><![CDATA[]]></system-out>
  <system-err><![CDATA[]]></system-err>
</testsuite>
